[2026-03-30T11:40:01.019Z] [info] %cDownload the React DevTools for a better development experience: https://react.dev/link/react-devtools font-weight:bold
[2026-03-30T11:40:01.187Z] [log] [HMR] connected
[2026-03-30T11:40:01.272Z] [error] A tree hydrated but some attributes of the server rendered HTML didn't match the client properties. This won't be patched up. This can happen if a SSR-ed Client Component used:

- A server/client branch `if (typeof window !== 'undefined')`.
- Variable input such as `Date.now()` or `Math.random()` which changes each time it's called.
- Date formatting in a user's locale which doesn't match the server.
- External changing data without sending a snapshot of it along with the HTML.
- Invalid HTML tag nesting.

It can also happen if the client has a browser extension installed which messes with the HTML before React loaded.

%s%s https://react.dev/link/hydration-mismatch 

  ...
    <ErrorBoundary errorComponent={undefined} errorStyles={undefined} errorScripts={undefined}>
      <LoadingBoundary name="login/" loading={null}>
        <HTTPAccessFallbackBoundary notFound={undefined} forbidden={undefined} unauthorized={undefined}>
          <RedirectBoundary>
            <RedirectErrorBoundary router={{...}}>
              <InnerLayoutRouter url="/login" tree={[...]} params={{}} cacheNode={{rsc:{...}, ...}} segmentPath={[...]} ...>
                <SegmentViewNode type="page" pagePath="(auth)/log...">
                  <SegmentTrieNode>
                  <LoginPage>
                    <Card>
                      <div data-slot="card" data-size="default" className={"group/ca..."}>
                        <div>
                        <CardContent>
                          <div data-slot="card-content" className="px-4 group...">
                            <form action={function login} className="space-y-4">
                              <div className="space-y-2">
                                <Label>
                                <Input>
                                  <Input type="email" data-slot="input" className="h-8 w-full..." id="email" name="email" ...>
                                    <FieldControl ref={null} type="email" data-slot="input" className="h-8 w-full..." ...>
                                      <input
                                        id="email"
                                        disabled={false}
                                        name="email"
                                        ref={function}
                                        aria-labelledby={undefined}
                                        autoFocus={false}
                                        defaultValue={undefined}
                                        onChange={function onChange}
                                        onFocus={function onFocus}
                                        onBlur={function onBlur}
                                        onKeyDown={function onKeyDown}
                                        type="email"
                                        data-slot="input"
                                        placeholder="coach@club.com"
                                        required={true}
                                        className="h-8 w-full min-w-0 rounded-lg border border-input bg-transparent px..."
-                                       style={{caret-color:"transparent"}}
                                      >
                              <div className="space-y-2">
                                <div>
                                <Input>
                                  <Input type="password" data-slot="input" className="h-8 w-full..." id="password" ...>
                                    <FieldControl ref={null} type="password" data-slot="input" className="h-8 w-full..." ...>
                                      <input
                                        id="password"
                                        disabled={false}
                                        name="password"
                                        ref={function}
                                        aria-labelledby={undefined}
                                        autoFocus={false}
                                        defaultValue={undefined}
                                        onChange={function onChange}
                                        onFocus={function onFocus}
                                        onBlur={function onBlur}
                                        onKeyDown={function onKeyDown}
                                        type="password"
                                        data-slot="input"
                                        required={true}
                                        className="h-8 w-full min-w-0 rounded-lg border border-input bg-transparent px..."
-                                       style={{caret-color:"transparent"}}
                                      >
                              ...
                            ...
                ...
              ...

[2026-03-30T11:41:03.047Z] [log] [Fast Refresh] rebuilding
[2026-03-30T11:41:03.121Z] [log] [Fast Refresh] done in 61ms
[2026-03-30T11:41:03.378Z] [log] [Fast Refresh] rebuilding
[2026-03-30T11:41:03.583Z] [log] [Fast Refresh] done in 315ms
[2026-03-30T11:41:13.993Z] [log] [Fast Refresh] rebuilding
[2026-03-30T11:41:14.062Z] [log] [Fast Refresh] done in 65ms
[2026-03-30T11:41:14.245Z] [log] [Fast Refresh] rebuilding
[2026-03-30T11:41:14.422Z] [log] [Fast Refresh] done in 280ms
[2026-03-30T11:41:17.471Z] [log] [Fast Refresh] rebuilding
[2026-03-30T11:41:17.548Z] [log] [Fast Refresh] done in 191ms
[2026-03-30T11:41:23.229Z] [log] [Fast Refresh] rebuilding
[2026-03-30T11:41:23.299Z] [log] [Fast Refresh] done in 67ms
[2026-03-30T11:41:23.525Z] [log] [Fast Refresh] rebuilding
[2026-03-30T11:41:23.730Z] [log] [Fast Refresh] done in 317ms
[2026-03-30T11:43:14.858Z] [log] [Fast Refresh] rebuilding
[2026-03-30T11:43:14.932Z] [log] [Fast Refresh] done in 182ms
[2026-03-30T11:44:18.148Z] [log] [Fast Refresh] rebuilding
[2026-03-30T11:44:18.212Z] [log] [Fast Refresh] done in 66ms
[2026-03-30T11:44:18.544Z] [log] [Fast Refresh] rebuilding
[2026-03-30T11:44:18.784Z] [log] [Fast Refresh] done in 348ms
[2026-03-30T11:45:47.392Z] [log] [Fast Refresh] rebuilding
[2026-03-30T11:45:47.399Z] [log] [Fast Refresh] done in 112ms
[2026-03-30T11:45:53.312Z] [log] [Fast Refresh] rebuilding
[2026-03-30T11:45:53.385Z] [log] [Fast Refresh] done in 80ms
[2026-03-30T11:45:53.575Z] [log] [Fast Refresh] rebuilding
[2026-03-30T11:45:53.898Z] [log] [Fast Refresh] done in 425ms
[2026-03-30T11:46:07.648Z] [log] [Fast Refresh] rebuilding
[2026-03-30T11:46:07.681Z] [log] [Fast Refresh] done in 84ms
[2026-03-30T11:49:14.832Z] [log] [Fast Refresh] rebuilding
[2026-03-30T11:49:14.886Z] [log] [Fast Refresh] done in 76ms
[2026-03-30T11:49:15.267Z] [log] [Fast Refresh] rebuilding
[2026-03-30T11:49:15.544Z] [log] [Fast Refresh] done in 387ms
[2026-03-30T11:49:31.628Z] [log] [Fast Refresh] rebuilding
[2026-03-30T11:49:31.720Z] [log] [Fast Refresh] done in 196ms
[2026-03-30T11:49:35.136Z] [log] [Fast Refresh] rebuilding
[2026-03-30T11:49:35.220Z] [log] [Fast Refresh] done in 196ms
[2026-03-30T11:55:59.501Z] [log] [Fast Refresh] rebuilding
[2026-03-30T11:55:59.517Z] [log] [Fast Refresh] done in 131ms
[2026-03-30T11:56:02.120Z] [log] [Fast Refresh] rebuilding
[2026-03-30T11:56:02.143Z] [log] [Fast Refresh] done in 128ms
[2026-03-30T11:57:20.675Z] [log] [Fast Refresh] rebuilding
[2026-03-30T11:57:20.822Z] [log] [Fast Refresh] done in 251ms
[2026-03-30T11:57:21.029Z] [log] [Fast Refresh] rebuilding
[2026-03-30T11:57:21.097Z] [log] [Fast Refresh] done in 168ms
[2026-03-30T11:57:21.359Z] [log] [Fast Refresh] rebuilding
[2026-03-30T11:57:21.637Z] [log] [Fast Refresh] done in 378ms
[2026-03-30T12:02:03.069Z] [log] [Fast Refresh] rebuilding
[2026-03-30T12:02:03.198Z] [log] [Fast Refresh] done in 239ms
[2026-03-30T12:02:03.413Z] [log] [Fast Refresh] rebuilding
[2026-03-30T12:02:03.492Z] [log] [Fast Refresh] done in 180ms
[2026-03-30T12:02:03.865Z] [log] [Fast Refresh] rebuilding
[2026-03-30T12:02:04.171Z] [log] [Fast Refresh] done in 408ms
[2026-03-30T12:02:08.954Z] [log] [Fast Refresh] rebuilding
[2026-03-30T12:02:09.078Z] [log] [Fast Refresh] done in 202ms
[2026-03-30T12:02:09.279Z] [log] [Fast Refresh] rebuilding
[2026-03-30T12:02:09.354Z] [log] [Fast Refresh] done in 175ms
[2026-03-30T12:02:09.487Z] [log] [Fast Refresh] rebuilding
[2026-03-30T12:02:09.780Z] [log] [Fast Refresh] done in 400ms
[2026-03-30T12:02:45.850Z] [log] [Fast Refresh] rebuilding
[2026-03-30T12:02:45.914Z] [log] [Fast Refresh] done in 172ms
[2026-03-30T12:02:46.149Z] [log] [Fast Refresh] rebuilding
[2026-03-30T12:02:46.244Z] [log] [Fast Refresh] done in 199ms
[2026-03-30T12:02:46.504Z] [log] [Fast Refresh] rebuilding
[2026-03-30T12:02:46.634Z] [log] [Fast Refresh] done in 234ms
[2026-03-30T12:02:57.052Z] [log] [Fast Refresh] rebuilding
[2026-03-30T12:02:57.128Z] [log] [Fast Refresh] done in 186ms
[2026-03-30T12:04:35.671Z] [log] [Fast Refresh] rebuilding
[2026-03-30T12:04:35.783Z] [log] [Fast Refresh] done in 220ms
[2026-03-30T12:04:36.009Z] [log] [Fast Refresh] rebuilding
[2026-03-30T12:04:36.086Z] [log] [Fast Refresh] done in 180ms
[2026-03-30T12:04:36.357Z] [log] [Fast Refresh] rebuilding
[2026-03-30T12:04:36.612Z] [log] [Fast Refresh] done in 355ms
[2026-03-30T12:04:41.454Z] [log] [Fast Refresh] rebuilding
[2026-03-30T12:04:41.558Z] [error] ./18th Man/web/src/app/(app)/drills/youtube-actions.ts:4:1
Module not found: Can't resolve '@ai-sdk/google'
  2 |
  3 | import { generateText, Output } from 'ai'
> 4 | import { google } from '@ai-sdk/google'
    | ^^^^^^^^^^^^^^^^^^^^^^^^^^^^^^^^^^^^^^^
  5 | import { z } from 'zod'
  6 | import { revalidatePath } from 'next/cache'
  7 | import { createClient } from '@/lib/supabase/server'

https://nextjs.org/docs/messages/module-not-found
[2026-03-30T12:04:41.770Z] [log] [Fast Refresh] rebuilding
[2026-03-30T12:04:41.810Z] [error] ./18th Man/web/src/app/(app)/drills/youtube-actions.ts:4:1
Module not found: Can't resolve '@ai-sdk/google'
  2 |
  3 | import { generateText, Output } from 'ai'
> 4 | import { google } from '@ai-sdk/google'
    | ^^^^^^^^^^^^^^^^^^^^^^^^^^^^^^^^^^^^^^^
  5 | import { z } from 'zod'
  6 | import { revalidatePath } from 'next/cache'
  7 | import { createClient } from '@/lib/supabase/server'

https://nextjs.org/docs/messages/module-not-found
[2026-03-30T12:04:41.917Z] [error] Failed to load resource: the server responded with a status of 500 (Internal Server Error)
[2026-03-30T12:04:41.967Z] [error] ./18th Man/web/src/app/(app)/drills/youtube-actions.ts:4:1
Module not found: Can't resolve '@ai-sdk/google'
  2 |
  3 | import { generateText, Output } from 'ai'
> 4 | import { google } from '@ai-sdk/google'
    | ^^^^^^^^^^^^^^^^^^^^^^^^^^^^^^^^^^^^^^^
  5 | import { z } from 'zod'
  6 | import { revalidatePath } from 'next/cache'
  7 | import { createClient } from '@/lib/supabase/server'

https://nextjs.org/docs/messages/module-not-found
[2026-03-30T12:04:41.981Z] [error] Failed to load resource: the server responded with a status of 500 (Internal Server Error)
[2026-03-30T12:04:42.012Z] [error] Failed to load resource: the server responded with a status of 500 (Internal Server Error)
[2026-03-30T12:04:42.105Z] [info] %cDownload the React DevTools for a better development experience: https://react.dev/link/react-devtools font-weight:bold
[2026-03-30T12:04:42.197Z] [log] [HMR] connected
[2026-03-30T12:04:42.200Z] [error] ./18th Man/web/src/app/(app)/drills/youtube-actions.ts:4:1
Module not found: Can't resolve '@ai-sdk/google'
  2 |
  3 | import { generateText, Output } from 'ai'
> 4 | import { google } from '@ai-sdk/google'
    | ^^^^^^^^^^^^^^^^^^^^^^^^^^^^^^^^^^^^^^^
  5 | import { z } from 'zod'
  6 | import { revalidatePath } from 'next/cache'
  7 | import { createClient } from '@/lib/supabase/server'

https://nextjs.org/docs/messages/module-not-found
[2026-03-30T12:04:42.201Z] [clear] console.clear
[2026-03-30T12:04:42.201Z] [error] ./18th Man/web/src/app/(app)/drills/youtube-actions.ts:4:1
Module not found: Can't resolve '@ai-sdk/google'
  2 |
  3 | import { generateText, Output } from 'ai'
> 4 | import { google } from '@ai-sdk/google'
    | ^^^^^^^^^^^^^^^^^^^^^^^^^^^^^^^^^^^^^^^
  5 | import { z } from 'zod'
  6 | import { revalidatePath } from 'next/cache'
  7 | import { createClient } from '@/lib/supabase/server'

https://nextjs.org/docs/messages/module-not-found
[2026-03-30T12:04:42.323Z] [log] [Fast Refresh] rebuilding
[2026-03-30T12:04:42.323Z] [clear] console.clear
[2026-03-30T12:04:42.324Z] [error] ./18th Man/web/src/app/(app)/drills/youtube-actions.ts:4:1
Module not found: Can't resolve '@ai-sdk/google'
  2 |
  3 | import { generateText, Output } from 'ai'
> 4 | import { google } from '@ai-sdk/google'
    | ^^^^^^^^^^^^^^^^^^^^^^^^^^^^^^^^^^^^^^^
  5 | import { z } from 'zod'
  6 | import { revalidatePath } from 'next/cache'
  7 | import { createClient } from '@/lib/supabase/server'

https://nextjs.org/docs/messages/module-not-found
[2026-03-30T12:04:42.572Z] [clear] console.clear
[2026-03-30T12:04:42.572Z] [error] ./18th Man/web/src/app/(app)/drills/youtube-actions.ts:4:1
Module not found: Can't resolve '@ai-sdk/google'
  2 |
  3 | import { generateText, Output } from 'ai'
> 4 | import { google } from '@ai-sdk/google'
    | ^^^^^^^^^^^^^^^^^^^^^^^^^^^^^^^^^^^^^^^
  5 | import { z } from 'zod'
  6 | import { revalidatePath } from 'next/cache'
  7 | import { createClient } from '@/lib/supabase/server'

https://nextjs.org/docs/messages/module-not-found
[2026-03-30T12:04:42.652Z] [log] [Fast Refresh] rebuilding
[2026-03-30T12:05:37.874Z] [clear] console.clear
[2026-03-30T12:05:37.876Z] [error] ./18th Man/web/src/app/(app)/drills/youtube-actions.ts:4:1
Module not found: Can't resolve '@ai-sdk/google'
  2 |
  3 | import { generateText, Output } from 'ai'
> 4 | import { google } from '@ai-sdk/google'
    | ^^^^^^^^^^^^^^^^^^^^^^^^^^^^^^^^^^^^^^^
  5 | import { z } from 'zod'
  6 | import { revalidatePath } from 'next/cache'
  7 | import { createClient } from '@/lib/supabase/server'

https://nextjs.org/docs/messages/module-not-found
[2026-03-30T12:05:37.925Z] [log] [Fast Refresh] rebuilding
[2026-03-30T12:08:57.383Z] [clear] console.clear
[2026-03-30T12:08:57.383Z] [error] ./18th Man/web/src/app/(app)/drills/youtube-actions.ts:4:1
Module not found: Can't resolve '@ai-sdk/google'
  2 |
  3 | import { generateText, Output } from 'ai'
> 4 | import { google } from '@ai-sdk/google'
    | ^^^^^^^^^^^^^^^^^^^^^^^^^^^^^^^^^^^^^^^
  5 | import { z } from 'zod'
  6 | import { revalidatePath } from 'next/cache'
  7 | import { createClient } from '@/lib/supabase/server'

https://nextjs.org/docs/messages/module-not-found
[2026-03-30T12:08:57.458Z] [log] [Fast Refresh] rebuilding
